<?xml version="1.0" encoding="UTF-8"?>
<!-- Generated by org.testng.reporters.JUnitReportReporter -->
<testsuite skipped="0" hostname="DVT-gtc73" name="testcases.TestCase1" tests="1" failures="0" timestamp="2020-02-03T15:11:32 CAT" time="0.015" errors="0">
  <testcase name="doLogin" time="0.015" classname="testcases.TestCase1"/>
</testsuite> <!-- testcases.TestCase1 -->
