<?xml version="1.0" encoding="UTF-8"?>
<!-- Generated by org.testng.reporters.JUnitReportReporter -->
<testsuite skipped="0" hostname="DVT-gtc73" name="testcases.TestBase" tests="2" failures="0" timestamp="2020-02-04T07:52:54 CAT" time="0.011" errors="0">
  <testcase name="doRegister" time="0.001" classname="testcases.TestBase"/>
  <testcase name="doLogin" time="0.010" classname="testcases.TestBase"/>
</testsuite> <!-- testcases.TestBase -->
